<?xml version="1.0" encoding="UTF-8"?>
<testng-results ignored="0" total="1" passed="1" failed="0" skipped="0">
  <reporter-output>
    <line>
      <![CDATA[books page is displayed]]>
    </line>
    <line>
      <![CDATA[computing page is displayed]]>
    </line>
    <line>
      <![CDATA[shopping cart page is displayed]]>
    </line>
    <line>
      <![CDATA[verifyUserIsAbleToClickOnBooksPage test case pass]]>
    </line>
  </reporter-output>
  <suite started-at="2024-04-25T15:55:31 IST" name="Default suite" finished-at="2024-04-25T15:55:46 IST" duration-ms="14857">
    <groups>
    </groups>
    <test started-at="2024-04-25T15:55:31 IST" name="Default test" finished-at="2024-04-25T15:55:46 IST" duration-ms="14857">
      <class name="org.automation.test_Scripts.Books01Test">
        <test-method is-config="true" signature="launchBrowser()[pri:0, instance:org.automation.test_Scripts.Books01Test@2805d709]" started-at="2024-04-25T15:55:31 IST" name="launchBrowser" finished-at="2024-04-25T15:55:39 IST" duration-ms="7415" status="PASS">
          <reporter-output>
          </reporter-output>
        </test-method> <!-- launchBrowser -->
        <test-method is-config="true" signature="performLogin()[pri:0, instance:org.automation.test_Scripts.Books01Test@2805d709]" started-at="2024-04-25T15:55:39 IST" name="performLogin" finished-at="2024-04-25T15:55:41 IST" duration-ms="2352" status="PASS">
          <reporter-output>
          </reporter-output>
        </test-method> <!-- performLogin -->
        <test-method signature="userIsAbleToClickOnBooksPage()[pri:0, instance:org.automation.test_Scripts.Books01Test@2805d709]" started-at="2024-04-25T15:55:41 IST" name="userIsAbleToClickOnBooksPage" finished-at="2024-04-25T15:55:46 IST" duration-ms="4682" status="PASS">
          <reporter-output>
            <line>
              <![CDATA[books page is displayed]]>
            </line>
            <line>
              <![CDATA[computing page is displayed]]>
            </line>
            <line>
              <![CDATA[shopping cart page is displayed]]>
            </line>
            <line>
              <![CDATA[verifyUserIsAbleToClickOnBooksPage test case pass]]>
            </line>
          </reporter-output>
        </test-method> <!-- userIsAbleToClickOnBooksPage -->
        <test-method is-config="true" signature="performLogout()[pri:0, instance:org.automation.test_Scripts.Books01Test@2805d709]" started-at="2024-04-25T15:55:46 IST" name="performLogout" finished-at="2024-04-25T15:55:46 IST" duration-ms="0" status="PASS">
          <reporter-output>
          </reporter-output>
        </test-method> <!-- performLogout -->
        <test-method is-config="true" signature="closeBrowser()[pri:0, instance:org.automation.test_Scripts.Books01Test@2805d709]" started-at="2024-04-25T15:55:46 IST" name="closeBrowser" finished-at="2024-04-25T15:55:46 IST" duration-ms="332" status="PASS">
          <reporter-output>
          </reporter-output>
        </test-method> <!-- closeBrowser -->
      </class> <!-- org.automation.test_Scripts.Books01Test -->
    </test> <!-- Default test -->
  </suite> <!-- Default suite -->
</testng-results>
