<?xml version="1.0" encoding="UTF-8"?>
<!-- Generated by org.testng.reporters.JUnitXMLReporter -->
<testsuite ignored="0" hostname="LAPTOP-8N3L91KE" failures="0" tests="2" name="Test" time="25.0" errors="0" timestamp="2024-04-25T15:10:50 IST">
  <testcase classname="org.automation.test_Scripts.Books02Test" name="verify_User_Is_Able_To_Click_On_DigitalDownloads" time="4.503"/>
  <testcase classname="org.automation.test_Scripts.Books01Test" name="userIsAbleToClickOnBooksPage" time="3.954"/>
</testsuite> <!-- Test -->
